<?xml version="1.0" encoding="UTF-8"?>
<!-- Generated by org.testng.reporters.JUnitReportReporter -->
<testsuite hostname="KLI2971" failures="0" tests="2" name="prp.Project" time="4.618" errors="0" timestamp="2023-11-04T09:51:59 IST" skipped="0">
  <testcase classname="prp.Project" name="faul_mail_send" time="4.614"/>
  <system-out/>
  <testcase classname="prp.Project" name="timecheck" time="0.004"/>
  <system-out/>
</testsuite> <!-- prp.Project -->
