<?xml version="1.0" encoding="UTF-8"?>
<!-- Generated by org.testng.reporters.JUnitReportReporter -->
<testsuite hostname="KLI2971" failures="0" tests="2" name="prp.Project" time="10.133" errors="0" timestamp="2023-11-04T09:49:49 IST" skipped="0">
  <testcase classname="prp.Project" name="faul_mail_send" time="10.132"/>
  <system-out/>
  <testcase classname="prp.Project" name="timecheck" time="0.001"/>
  <system-out/>
</testsuite> <!-- prp.Project -->
